Analysis & Synthesis report for DE0_NANO
Tue Nov 21 21:29:21 2017
Quartus Prime Version 17.0.0 Build 595 04/25/2017 SJ Lite Edition


---------------------
; Table of Contents ;
---------------------
  1. Legal Notice
  2. Analysis & Synthesis Summary
  3. Analysis & Synthesis Settings
  4. Parallel Compilation
  5. Analysis & Synthesis Source Files Read
  6. Analysis & Synthesis Resource Usage Summary
  7. Analysis & Synthesis Resource Utilization by Entity
  8. Registers Removed During Synthesis
  9. Removed Registers Triggering Further Register Optimizations
 10. General Register Statistics
 11. Multiplexer Restructuring Statistics (Restructuring Performed)
 12. Post-Synthesis Netlist Statistics for Top Partition
 13. Elapsed Time Per Partition
 14. Analysis & Synthesis Messages



----------------
; Legal Notice ;
----------------
Copyright (C) 2017  Intel Corporation. All rights reserved.
Your use of Intel Corporation's design tools, logic functions 
and other software and tools, and its AMPP partner logic 
functions, and any output files from any of the foregoing 
(including device programming or simulation files), and any 
associated documentation or information are expressly subject 
to the terms and conditions of the Intel Program License 
Subscription Agreement, the Intel Quartus Prime License Agreement,
the Intel MegaCore Function License Agreement, or other 
applicable license agreement, including, without limitation, 
that your use is for the sole purpose of programming logic 
devices manufactured by Intel and sold by Intel or its 
authorized distributors.  Please refer to the applicable 
agreement for further details.



+----------------------------------------------------------------------------------+
; Analysis & Synthesis Summary                                                     ;
+------------------------------------+---------------------------------------------+
; Analysis & Synthesis Status        ; Successful - Tue Nov 21 21:29:21 2017       ;
; Quartus Prime Version              ; 17.0.0 Build 595 04/25/2017 SJ Lite Edition ;
; Revision Name                      ; DE0_NANO                                    ;
; Top-level Entity Name              ; DE0_NANO                                    ;
; Family                             ; Cyclone IV E                                ;
; Total logic elements               ; 292                                         ;
;     Total combinational functions  ; 292                                         ;
;     Dedicated logic registers      ; 75                                          ;
; Total registers                    ; 75                                          ;
; Total pins                         ; 87                                          ;
; Total virtual pins                 ; 0                                           ;
; Total memory bits                  ; 0                                           ;
; Embedded Multiplier 9-bit elements ; 0                                           ;
; Total PLLs                         ; 0                                           ;
+------------------------------------+---------------------------------------------+


+----------------------------------------------------------------------------------------------------------------------+
; Analysis & Synthesis Settings                                                                                        ;
+----------------------------------------------------------------------------+--------------------+--------------------+
; Option                                                                     ; Setting            ; Default Value      ;
+----------------------------------------------------------------------------+--------------------+--------------------+
; Device                                                                     ; EP4CE22F17C6       ;                    ;
; Top-level entity name                                                      ; DE0_NANO           ; DE0_NANO           ;
; Family name                                                                ; Cyclone IV E       ; Cyclone IV GX      ;
; Use smart compilation                                                      ; Off                ; Off                ;
; Enable parallel Assembler and TimeQuest Timing Analyzer during compilation ; On                 ; On                 ;
; Enable compact report table                                                ; Off                ; Off                ;
; Restructure Multiplexers                                                   ; Auto               ; Auto               ;
; Create Debugging Nodes for IP Cores                                        ; Off                ; Off                ;
; Preserve fewer node names                                                  ; On                 ; On                 ;
; OpenCore Plus hardware evaluation                                          ; Enable             ; Enable             ;
; Verilog Version                                                            ; Verilog_2001       ; Verilog_2001       ;
; VHDL Version                                                               ; VHDL_1993          ; VHDL_1993          ;
; State Machine Processing                                                   ; Auto               ; Auto               ;
; Safe State Machine                                                         ; Off                ; Off                ;
; Extract Verilog State Machines                                             ; On                 ; On                 ;
; Extract VHDL State Machines                                                ; On                 ; On                 ;
; Ignore Verilog initial constructs                                          ; Off                ; Off                ;
; Iteration limit for constant Verilog loops                                 ; 5000               ; 5000               ;
; Iteration limit for non-constant Verilog loops                             ; 250                ; 250                ;
; Add Pass-Through Logic to Inferred RAMs                                    ; On                 ; On                 ;
; Infer RAMs from Raw Logic                                                  ; On                 ; On                 ;
; Parallel Synthesis                                                         ; On                 ; On                 ;
; DSP Block Balancing                                                        ; Auto               ; Auto               ;
; NOT Gate Push-Back                                                         ; On                 ; On                 ;
; Power-Up Don't Care                                                        ; On                 ; On                 ;
; Remove Redundant Logic Cells                                               ; Off                ; Off                ;
; Remove Duplicate Registers                                                 ; On                 ; On                 ;
; Ignore CARRY Buffers                                                       ; Off                ; Off                ;
; Ignore CASCADE Buffers                                                     ; Off                ; Off                ;
; Ignore GLOBAL Buffers                                                      ; Off                ; Off                ;
; Ignore ROW GLOBAL Buffers                                                  ; Off                ; Off                ;
; Ignore LCELL Buffers                                                       ; Off                ; Off                ;
; Ignore SOFT Buffers                                                        ; On                 ; On                 ;
; Limit AHDL Integers to 32 Bits                                             ; Off                ; Off                ;
; Optimization Technique                                                     ; Balanced           ; Balanced           ;
; Carry Chain Length                                                         ; 70                 ; 70                 ;
; Auto Carry Chains                                                          ; On                 ; On                 ;
; Auto Open-Drain Pins                                                       ; On                 ; On                 ;
; Perform WYSIWYG Primitive Resynthesis                                      ; Off                ; Off                ;
; Auto ROM Replacement                                                       ; On                 ; On                 ;
; Auto RAM Replacement                                                       ; On                 ; On                 ;
; Auto DSP Block Replacement                                                 ; On                 ; On                 ;
; Auto Shift Register Replacement                                            ; Auto               ; Auto               ;
; Allow Shift Register Merging across Hierarchies                            ; Auto               ; Auto               ;
; Auto Clock Enable Replacement                                              ; On                 ; On                 ;
; Strict RAM Replacement                                                     ; Off                ; Off                ;
; Allow Synchronous Control Signals                                          ; On                 ; On                 ;
; Force Use of Synchronous Clear Signals                                     ; Off                ; Off                ;
; Auto RAM Block Balancing                                                   ; On                 ; On                 ;
; Auto RAM to Logic Cell Conversion                                          ; Off                ; Off                ;
; Auto Resource Sharing                                                      ; Off                ; Off                ;
; Allow Any RAM Size For Recognition                                         ; Off                ; Off                ;
; Allow Any ROM Size For Recognition                                         ; Off                ; Off                ;
; Allow Any Shift Register Size For Recognition                              ; Off                ; Off                ;
; Use LogicLock Constraints during Resource Balancing                        ; On                 ; On                 ;
; Ignore translate_off and synthesis_off directives                          ; Off                ; Off                ;
; Timing-Driven Synthesis                                                    ; On                 ; On                 ;
; Report Parameter Settings                                                  ; On                 ; On                 ;
; Report Source Assignments                                                  ; On                 ; On                 ;
; Report Connectivity Checks                                                 ; On                 ; On                 ;
; Ignore Maximum Fan-Out Assignments                                         ; Off                ; Off                ;
; Synchronization Register Chain Length                                      ; 2                  ; 2                  ;
; PowerPlay Power Optimization During Synthesis                              ; Normal compilation ; Normal compilation ;
; HDL message level                                                          ; Level2             ; Level2             ;
; Suppress Register Optimization Related Messages                            ; Off                ; Off                ;
; Number of Removed Registers Reported in Synthesis Report                   ; 5000               ; 5000               ;
; Number of Swept Nodes Reported in Synthesis Report                         ; 5000               ; 5000               ;
; Number of Inverted Registers Reported in Synthesis Report                  ; 100                ; 100                ;
; Clock MUX Protection                                                       ; On                 ; On                 ;
; Auto Gated Clock Conversion                                                ; Off                ; Off                ;
; Block Design Naming                                                        ; Auto               ; Auto               ;
; SDC constraint protection                                                  ; Off                ; Off                ;
; Synthesis Effort                                                           ; Auto               ; Auto               ;
; Shift Register Replacement - Allow Asynchronous Clear Signal               ; On                 ; On                 ;
; Pre-Mapping Resynthesis Optimization                                       ; Off                ; Off                ;
; Analysis & Synthesis Message Level                                         ; Medium             ; Medium             ;
; Disable Register Merging Across Hierarchies                                ; Auto               ; Auto               ;
; Resource Aware Inference For Block RAM                                     ; On                 ; On                 ;
+----------------------------------------------------------------------------+--------------------+--------------------+


+------------------------------------------+
; Parallel Compilation                     ;
+----------------------------+-------------+
; Processors                 ; Number      ;
+----------------------------+-------------+
; Number detected on machine ; 8           ;
; Maximum allowed            ; 4           ;
;                            ;             ;
; Average used               ; 1.00        ;
; Maximum used               ; 4           ;
;                            ;             ;
; Usage by Processor         ; % Time Used ;
;     Processor 1            ; 100.0%      ;
;     Processors 2-4         ;   0.0%      ;
+----------------------------+-------------+


+------------------------------------------------------------------------------------------------------------------------------------------------------------+
; Analysis & Synthesis Source Files Read                                                                                                                     ;
+----------------------------------+-----------------+------------------------+--------------------------------------------------------------------+---------+
; File Name with User-Entered Path ; Used in Netlist ; File Type              ; File Name with Absolute Path                                       ; Library ;
+----------------------------------+-----------------+------------------------+--------------------------------------------------------------------+---------+
; TILE_RENDER.v                    ; yes             ; User Verilog HDL File  ; C:/Users/labuser/Desktop/Lab3_template/Lab3_template/TILE_RENDER.v ;         ;
; VGA_DRIVER.v                     ; yes             ; User Verilog HDL File  ; C:/Users/labuser/Desktop/Lab3_template/Lab3_template/VGA_DRIVER.v  ;         ;
; DE0_NANO.v                       ; yes             ; User Verilog HDL File  ; C:/Users/labuser/Desktop/Lab3_template/Lab3_template/DE0_NANO.v    ;         ;
; TILE_DECODE.v                    ; yes             ; User Verilog HDL File  ; C:/Users/labuser/Desktop/Lab3_template/Lab3_template/TILE_DECODE.v ;         ;
+----------------------------------+-----------------+------------------------+--------------------------------------------------------------------+---------+


+--------------------------------------------------------+
; Analysis & Synthesis Resource Usage Summary            ;
+---------------------------------------------+----------+
; Resource                                    ; Usage    ;
+---------------------------------------------+----------+
; Estimated Total logic elements              ; 292      ;
;                                             ;          ;
; Total combinational functions               ; 292      ;
; Logic element usage by number of LUT inputs ;          ;
;     -- 4 input functions                    ; 157      ;
;     -- 3 input functions                    ; 51       ;
;     -- <=2 input functions                  ; 84       ;
;                                             ;          ;
; Logic elements by mode                      ;          ;
;     -- normal mode                          ; 232      ;
;     -- arithmetic mode                      ; 60       ;
;                                             ;          ;
; Total registers                             ; 75       ;
;     -- Dedicated logic registers            ; 75       ;
;     -- I/O registers                        ; 0        ;
;                                             ;          ;
; I/O pins                                    ; 87       ;
;                                             ;          ;
; Embedded Multiplier 9-bit elements          ; 0        ;
;                                             ;          ;
; Maximum fan-out node                        ; CLOCK_25 ;
; Maximum fan-out                             ; 75       ;
; Total fan-out                               ; 1296     ;
; Average fan-out                             ; 2.13     ;
+---------------------------------------------+----------+


+------------------------------------------------------------------------------------------------------------------------------------------------------------------------------------------------------------------+
; Analysis & Synthesis Resource Utilization by Entity                                                                                                                                                              ;
+----------------------------+---------------------+---------------------------+-------------+--------------+---------+-----------+------+--------------+-----------------------------+-------------+--------------+
; Compilation Hierarchy Node ; Combinational ALUTs ; Dedicated Logic Registers ; Memory Bits ; DSP Elements ; DSP 9x9 ; DSP 18x18 ; Pins ; Virtual Pins ; Full Hierarchy Name         ; Entity Name ; Library Name ;
+----------------------------+---------------------+---------------------------+-------------+--------------+---------+-----------+------+--------------+-----------------------------+-------------+--------------+
; |DE0_NANO                  ; 292 (80)            ; 75 (32)                   ; 0           ; 0            ; 0       ; 0         ; 87   ; 0            ; |DE0_NANO                   ; DE0_NANO    ; work         ;
;    |TILE_DECODE:tcode|     ; 115 (115)           ; 17 (17)                   ; 0           ; 0            ; 0       ; 0         ; 0    ; 0            ; |DE0_NANO|TILE_DECODE:tcode ; TILE_DECODE ; work         ;
;    |TILE_RENDER:trend|     ; 55 (55)             ; 6 (6)                     ; 0           ; 0            ; 0       ; 0         ; 0    ; 0            ; |DE0_NANO|TILE_RENDER:trend ; TILE_RENDER ; work         ;
;    |VGA_DRIVER:driver|     ; 42 (42)             ; 20 (20)                   ; 0           ; 0            ; 0       ; 0         ; 0    ; 0            ; |DE0_NANO|VGA_DRIVER:driver ; VGA_DRIVER  ; work         ;
+----------------------------+---------------------+---------------------------+-------------+--------------+---------+-----------+------+--------------+-----------------------------+-------------+--------------+
Note: For table entries with two numbers listed, the numbers in parentheses indicate the number of resources of the given type used by the specific entity alone. The numbers listed outside of parentheses indicate the total resources of the given type used by the specific entity and all of its sub-entities in the hierarchy.


+-----------------------------------------------------------------------------------------------------------------------------------------------------------------------------------------------------+
; Registers Removed During Synthesis                                                                                                                                                                  ;
+------------------------------------------------------------------------------------------------------------------------------------------------------------+----------------------------------------+
; Register name                                                                                                                                              ; Reason for Removal                     ;
+------------------------------------------------------------------------------------------------------------------------------------------------------------+----------------------------------------+
; TILE_DECODE:tcode|XOFF[1,4]                                                                                                                                ; Stuck at VCC due to stuck port data_in ;
; MAP[0,1,17,33,35,37,65,67,69,73,75,81,123,129,131,133,137,145,153]                                                                                         ; Merged with MAP[3]                     ;
; MAP[4,5,8..11,16,18,19,24..27,32,34,36,40..43,48..51,56..59,64,66,68,72,74,80,82,83,88..91,96..101,104..107,112..115,120..122,128,132,136,144,152,154,164] ; Merged with MAP[2]                     ;
; MAP[7,13..15,29..31,39,53,55,61..63,71,77,79,109,111,117,119,124..127,135,141,143,149,151,157,159,163]                                                     ; Merged with MAP[6]                     ;
; MAP[20..23,28,38,44..47,52,54,60,70,76,78,84..87,92..95,102,103,108,110,116,118,134,142,148,158,162]                                                       ; Merged with MAP[12]                    ;
; MAP[161]                                                                                                                                                   ; Merged with MAP[147]                   ;
; TILE_RENDER:trend|COL[5]                                                                                                                                   ; Merged with TILE_RENDER:trend|COL[6]   ;
; TILE_RENDER:trend|COL[2]                                                                                                                                   ; Merged with TILE_RENDER:trend|COL[3]   ;
; TILE_DECODE:tcode|XOFF[0,2,3,8]                                                                                                                            ; Merged with TILE_DECODE:tcode|XOFF[9]  ;
; TILE_DECODE:tcode|YOFF[0,8,9]                                                                                                                              ; Merged with TILE_DECODE:tcode|XOFF[9]  ;
; TILE_DECODE:tcode|YOFF[3]                                                                                                                                  ; Merged with TILE_DECODE:tcode|YOFF[6]  ;
; MAP[2]                                                                                                                                                     ; Merged with MAP[3]                     ;
; MAP[12]                                                                                                                                                    ; Merged with MAP[6]                     ;
; MAP[139]                                                                                                                                                   ; Merged with MAP[130]                   ;
; MAP[147]                                                                                                                                                   ; Merged with MAP[138]                   ;
; MAP[155]                                                                                                                                                   ; Merged with MAP[146]                   ;
; TILE_DECODE:tcode|CELL[1]                                                                                                                                  ; Merged with TILE_DECODE:tcode|CELL[0]  ;
; MAP[6]                                                                                                                                                     ; Stuck at GND due to stuck port data_in ;
; TILE_DECODE:tcode|CELL[7]                                                                                                                                  ; Stuck at GND due to stuck port data_in ;
; MAP[3]                                                                                                                                                     ; Stuck at VCC due to stuck port data_in ;
; MAP[146]                                                                                                                                                   ; Merged with MAP[156]                   ;
; MAP[138]                                                                                                                                                   ; Merged with MAP[150]                   ;
; Total Number of Removed Registers = 174                                                                                                                    ;                                        ;
+------------------------------------------------------------------------------------------------------------------------------------------------------------+----------------------------------------+


+------------------------------------------------------------------------------------+
; Removed Registers Triggering Further Register Optimizations                        ;
+---------------+---------------------------+----------------------------------------+
; Register name ; Reason for Removal        ; Registers Removed due to This Register ;
+---------------+---------------------------+----------------------------------------+
; MAP[6]        ; Stuck at GND              ; TILE_DECODE:tcode|CELL[7]              ;
;               ; due to stuck port data_in ;                                        ;
+---------------+---------------------------+----------------------------------------+


+------------------------------------------------------+
; General Register Statistics                          ;
+----------------------------------------------+-------+
; Statistic                                    ; Value ;
+----------------------------------------------+-------+
; Total registers                              ; 75    ;
; Number of registers using Synchronous Clear  ; 20    ;
; Number of registers using Synchronous Load   ; 0     ;
; Number of registers using Asynchronous Clear ; 0     ;
; Number of registers using Asynchronous Load  ; 0     ;
; Number of registers using Clock Enable       ; 15    ;
; Number of registers using Preset             ; 0     ;
+----------------------------------------------+-------+


+----------------------------------------------------------------------------------------------------------------------------------------------------------+
; Multiplexer Restructuring Statistics (Restructuring Performed)                                                                                           ;
+--------------------+-----------+---------------+----------------------+------------------------+------------+--------------------------------------------+
; Multiplexer Inputs ; Bus Width ; Baseline Area ; Area if Restructured ; Saving if Restructured ; Registered ; Example Multiplexer Output                 ;
+--------------------+-----------+---------------+----------------------+------------------------+------------+--------------------------------------------+
; 3:1                ; 10 bits   ; 20 LEs        ; 10 LEs               ; 10 LEs                 ; Yes        ; |DE0_NANO|VGA_DRIVER:driver|pixel_count[2] ;
; 4:1                ; 10 bits   ; 20 LEs        ; 10 LEs               ; 10 LEs                 ; Yes        ; |DE0_NANO|VGA_DRIVER:driver|line_count[1]  ;
; 4:1                ; 2 bits    ; 4 LEs         ; 4 LEs                ; 0 LEs                  ; Yes        ; |DE0_NANO|TILE_DECODE:tcode|CELL[6]        ;
; 5:1                ; 2 bits    ; 6 LEs         ; 2 LEs                ; 4 LEs                  ; Yes        ; |DE0_NANO|TILE_DECODE:tcode|YOFF[2]        ;
; 6:1                ; 8 bits    ; 32 LEs        ; 16 LEs               ; 16 LEs                 ; Yes        ; |DE0_NANO|MAP[138]                         ;
; 8:1                ; 2 bits    ; 10 LEs        ; 4 LEs                ; 6 LEs                  ; Yes        ; |DE0_NANO|TILE_RENDER:trend|COL[7]         ;
; 9:1                ; 2 bits    ; 12 LEs        ; 12 LEs               ; 0 LEs                  ; Yes        ; |DE0_NANO|TILE_RENDER:trend|COL[4]         ;
; 9:1                ; 2 bits    ; 12 LEs        ; 8 LEs                ; 4 LEs                  ; Yes        ; |DE0_NANO|TILE_DECODE:tcode|YOFF[1]        ;
; 13:1               ; 2 bits    ; 16 LEs        ; 2 LEs                ; 14 LEs                 ; Yes        ; |DE0_NANO|TILE_DECODE:tcode|XOFF[9]        ;
; 19:1               ; 2 bits    ; 24 LEs        ; 24 LEs               ; 0 LEs                  ; Yes        ; |DE0_NANO|TILE_DECODE:tcode|XOFF[7]        ;
; 3:1                ; 2 bits    ; 4 LEs         ; 2 LEs                ; 2 LEs                  ; No         ; |DE0_NANO|TILE_DECODE:tcode|XOFF           ;
; 3:1                ; 3 bits    ; 6 LEs         ; 3 LEs                ; 3 LEs                  ; No         ; |DE0_NANO|TILE_DECODE:tcode|CELL           ;
; 3:1                ; 2 bits    ; 4 LEs         ; 2 LEs                ; 2 LEs                  ; No         ; |DE0_NANO|TILE_DECODE:tcode|XOFF           ;
+--------------------+-----------+---------------+----------------------+------------------------+------------+--------------------------------------------+


+-----------------------------------------------------+
; Post-Synthesis Netlist Statistics for Top Partition ;
+-----------------------+-----------------------------+
; Type                  ; Count                       ;
+-----------------------+-----------------------------+
; boundary_port         ; 87                          ;
; cycloneiii_ff         ; 75                          ;
;     ENA               ; 5                           ;
;     ENA SCLR          ; 10                          ;
;     SCLR              ; 10                          ;
;     plain             ; 50                          ;
; cycloneiii_io_obuf    ; 68                          ;
; cycloneiii_lcell_comb ; 293                         ;
;     arith             ; 60                          ;
;         2 data inputs ; 44                          ;
;         3 data inputs ; 16                          ;
;     normal            ; 233                         ;
;         0 data inputs ; 1                           ;
;         1 data inputs ; 4                           ;
;         2 data inputs ; 36                          ;
;         3 data inputs ; 35                          ;
;         4 data inputs ; 157                         ;
;                       ;                             ;
; Max LUT depth         ; 10.00                       ;
; Average LUT depth     ; 4.95                        ;
+-----------------------+-----------------------------+


+-------------------------------+
; Elapsed Time Per Partition    ;
+----------------+--------------+
; Partition Name ; Elapsed Time ;
+----------------+--------------+
; Top            ; 00:00:01     ;
+----------------+--------------+


+-------------------------------+
; Analysis & Synthesis Messages ;
+-------------------------------+
Info: *******************************************************************
Info: Running Quartus Prime Analysis & Synthesis
    Info: Version 17.0.0 Build 595 04/25/2017 SJ Lite Edition
    Info: Processing started: Tue Nov 21 21:29:12 2017
Info: Command: quartus_map --read_settings_files=on --write_settings_files=off DE0_NANO -c DE0_NANO
Warning (125092): Tcl Script File DE_NANO_SOPC.qip not found
    Info (125063): set_global_assignment -name QIP_FILE DE_NANO_SOPC.qip
Warning (18236): Number of processors has not been specified which may cause overloading on shared machines.  Set the global assignment NUM_PARALLEL_PROCESSORS in your QSF to an appropriate value for best performance.
Info (20030): Parallel compilation is enabled and will use 4 of the 4 processors detected
Critical Warning (10191): Verilog HDL Compiler Directive warning at TILE_RENDER.v(74): text macro "x_SIZE" is undefined File: C:/Users/labuser/Desktop/Lab3_template/Lab3_template/TILE_RENDER.v Line: 74
Info (12021): Found 1 design units, including 1 entities, in source file tile_render.v
    Info (12023): Found entity 1: TILE_RENDER File: C:/Users/labuser/Desktop/Lab3_template/Lab3_template/TILE_RENDER.v Line: 21
Info (12021): Found 1 design units, including 1 entities, in source file vga_driver.v
    Info (12023): Found entity 1: VGA_DRIVER File: C:/Users/labuser/Desktop/Lab3_template/Lab3_template/VGA_DRIVER.v Line: 14
Warning (10238): Verilog Module Declaration warning at DE0_NANO.v(32): ignored anonymous port(s) indicated by duplicate or dangling comma(s) in the port list for module "DE0_NANO" File: C:/Users/labuser/Desktop/Lab3_template/Lab3_template/DE0_NANO.v Line: 32
Info (12021): Found 1 design units, including 1 entities, in source file de0_nano.v
    Info (12023): Found entity 1: DE0_NANO File: C:/Users/labuser/Desktop/Lab3_template/Lab3_template/DE0_NANO.v Line: 11
Warning (10274): Verilog HDL macro warning at TILE_DECODE.v(2): overriding existing definition for macro "X_SIZE", which was defined in "TILE_RENDER.v", line 2 File: C:/Users/labuser/Desktop/Lab3_template/Lab3_template/TILE_DECODE.v Line: 2
Info (12021): Found 1 design units, including 1 entities, in source file tile_decode.v
    Info (12023): Found entity 1: TILE_DECODE File: C:/Users/labuser/Desktop/Lab3_template/Lab3_template/TILE_DECODE.v Line: 6
Info (12127): Elaborating entity "DE0_NANO" for the top level hierarchy
Warning (10034): Output port "LED[7..1]" at DE0_NANO.v(48) has no driver File: C:/Users/labuser/Desktop/Lab3_template/Lab3_template/DE0_NANO.v Line: 48
Info (12128): Elaborating entity "VGA_DRIVER" for hierarchy "VGA_DRIVER:driver" File: C:/Users/labuser/Desktop/Lab3_template/Lab3_template/DE0_NANO.v Line: 87
Warning (10230): Verilog HDL assignment warning at VGA_DRIVER.v(71): truncated value with size 32 to match size of target (10) File: C:/Users/labuser/Desktop/Lab3_template/Lab3_template/VGA_DRIVER.v Line: 71
Warning (10230): Verilog HDL assignment warning at VGA_DRIVER.v(75): truncated value with size 32 to match size of target (10) File: C:/Users/labuser/Desktop/Lab3_template/Lab3_template/VGA_DRIVER.v Line: 75
Info (12128): Elaborating entity "TILE_DECODE" for hierarchy "TILE_DECODE:tcode" File: C:/Users/labuser/Desktop/Lab3_template/Lab3_template/DE0_NANO.v Line: 105
Warning (10230): Verilog HDL assignment warning at TILE_DECODE.v(10): truncated value with size 4 to match size of target (3) File: C:/Users/labuser/Desktop/Lab3_template/Lab3_template/TILE_DECODE.v Line: 10
Info (12128): Elaborating entity "TILE_RENDER" for hierarchy "TILE_RENDER:trend" File: C:/Users/labuser/Desktop/Lab3_template/Lab3_template/DE0_NANO.v Line: 117
Warning (10036): Verilog HDL or VHDL warning at TILE_RENDER.v(33): object "icnd" assigned a value but never read File: C:/Users/labuser/Desktop/Lab3_template/Lab3_template/TILE_RENDER.v Line: 33
Warning (10036): Verilog HDL or VHDL warning at TILE_RENDER.v(34): object "ront" assigned a value but never read File: C:/Users/labuser/Desktop/Lab3_template/Lab3_template/TILE_RENDER.v Line: 34
Warning (13034): The following nodes have both tri-state and non-tri-state drivers
    Warning (13035): Inserted always-enabled tri-state buffer between "GPIO_0_D[5]" and its non-tri-state driver. File: C:/Users/labuser/Desktop/Lab3_template/Lab3_template/DE0_NANO.v Line: 57
    Warning (13035): Inserted always-enabled tri-state buffer between "GPIO_0_D[7]" and its non-tri-state driver. File: C:/Users/labuser/Desktop/Lab3_template/Lab3_template/DE0_NANO.v Line: 57
    Warning (13035): Inserted always-enabled tri-state buffer between "GPIO_0_D[9]" and its non-tri-state driver. File: C:/Users/labuser/Desktop/Lab3_template/Lab3_template/DE0_NANO.v Line: 57
    Warning (13035): Inserted always-enabled tri-state buffer between "GPIO_0_D[11]" and its non-tri-state driver. File: C:/Users/labuser/Desktop/Lab3_template/Lab3_template/DE0_NANO.v Line: 57
    Warning (13035): Inserted always-enabled tri-state buffer between "GPIO_0_D[13]" and its non-tri-state driver. File: C:/Users/labuser/Desktop/Lab3_template/Lab3_template/DE0_NANO.v Line: 57
    Warning (13035): Inserted always-enabled tri-state buffer between "GPIO_0_D[15]" and its non-tri-state driver. File: C:/Users/labuser/Desktop/Lab3_template/Lab3_template/DE0_NANO.v Line: 57
    Warning (13035): Inserted always-enabled tri-state buffer between "GPIO_0_D[17]" and its non-tri-state driver. File: C:/Users/labuser/Desktop/Lab3_template/Lab3_template/DE0_NANO.v Line: 57
    Warning (13035): Inserted always-enabled tri-state buffer between "GPIO_0_D[19]" and its non-tri-state driver. File: C:/Users/labuser/Desktop/Lab3_template/Lab3_template/DE0_NANO.v Line: 57
    Warning (13035): Inserted always-enabled tri-state buffer between "GPIO_0_D[21]" and its non-tri-state driver. File: C:/Users/labuser/Desktop/Lab3_template/Lab3_template/DE0_NANO.v Line: 57
    Warning (13035): Inserted always-enabled tri-state buffer between "GPIO_0_D[23]" and its non-tri-state driver. File: C:/Users/labuser/Desktop/Lab3_template/Lab3_template/DE0_NANO.v Line: 57
Warning (13039): The following bidirectional pins have no drivers
    Warning (13040): bidirectional pin "GPIO_0_D[0]" has no driver File: C:/Users/labuser/Desktop/Lab3_template/Lab3_template/DE0_NANO.v Line: 57
    Warning (13040): bidirectional pin "GPIO_0_D[1]" has no driver File: C:/Users/labuser/Desktop/Lab3_template/Lab3_template/DE0_NANO.v Line: 57
    Warning (13040): bidirectional pin "GPIO_0_D[2]" has no driver File: C:/Users/labuser/Desktop/Lab3_template/Lab3_template/DE0_NANO.v Line: 57
    Warning (13040): bidirectional pin "GPIO_0_D[3]" has no driver File: C:/Users/labuser/Desktop/Lab3_template/Lab3_template/DE0_NANO.v Line: 57
    Warning (13040): bidirectional pin "GPIO_0_D[4]" has no driver File: C:/Users/labuser/Desktop/Lab3_template/Lab3_template/DE0_NANO.v Line: 57
    Warning (13040): bidirectional pin "GPIO_0_D[6]" has no driver File: C:/Users/labuser/Desktop/Lab3_template/Lab3_template/DE0_NANO.v Line: 57
    Warning (13040): bidirectional pin "GPIO_0_D[8]" has no driver File: C:/Users/labuser/Desktop/Lab3_template/Lab3_template/DE0_NANO.v Line: 57
    Warning (13040): bidirectional pin "GPIO_0_D[10]" has no driver File: C:/Users/labuser/Desktop/Lab3_template/Lab3_template/DE0_NANO.v Line: 57
    Warning (13040): bidirectional pin "GPIO_0_D[12]" has no driver File: C:/Users/labuser/Desktop/Lab3_template/Lab3_template/DE0_NANO.v Line: 57
    Warning (13040): bidirectional pin "GPIO_0_D[14]" has no driver File: C:/Users/labuser/Desktop/Lab3_template/Lab3_template/DE0_NANO.v Line: 57
    Warning (13040): bidirectional pin "GPIO_0_D[16]" has no driver File: C:/Users/labuser/Desktop/Lab3_template/Lab3_template/DE0_NANO.v Line: 57
    Warning (13040): bidirectional pin "GPIO_0_D[18]" has no driver File: C:/Users/labuser/Desktop/Lab3_template/Lab3_template/DE0_NANO.v Line: 57
    Warning (13040): bidirectional pin "GPIO_0_D[20]" has no driver File: C:/Users/labuser/Desktop/Lab3_template/Lab3_template/DE0_NANO.v Line: 57
    Warning (13040): bidirectional pin "GPIO_0_D[22]" has no driver File: C:/Users/labuser/Desktop/Lab3_template/Lab3_template/DE0_NANO.v Line: 57
    Warning (13040): bidirectional pin "GPIO_0_D[24]" has no driver File: C:/Users/labuser/Desktop/Lab3_template/Lab3_template/DE0_NANO.v Line: 57
    Warning (13040): bidirectional pin "GPIO_0_D[25]" has no driver File: C:/Users/labuser/Desktop/Lab3_template/Lab3_template/DE0_NANO.v Line: 57
    Warning (13040): bidirectional pin "GPIO_0_D[26]" has no driver File: C:/Users/labuser/Desktop/Lab3_template/Lab3_template/DE0_NANO.v Line: 57
    Warning (13040): bidirectional pin "GPIO_0_D[27]" has no driver File: C:/Users/labuser/Desktop/Lab3_template/Lab3_template/DE0_NANO.v Line: 57
    Warning (13040): bidirectional pin "GPIO_0_D[28]" has no driver File: C:/Users/labuser/Desktop/Lab3_template/Lab3_template/DE0_NANO.v Line: 57
    Warning (13040): bidirectional pin "GPIO_0_D[29]" has no driver File: C:/Users/labuser/Desktop/Lab3_template/Lab3_template/DE0_NANO.v Line: 57
    Warning (13040): bidirectional pin "GPIO_0_D[30]" has no driver File: C:/Users/labuser/Desktop/Lab3_template/Lab3_template/DE0_NANO.v Line: 57
    Warning (13040): bidirectional pin "GPIO_0_D[31]" has no driver File: C:/Users/labuser/Desktop/Lab3_template/Lab3_template/DE0_NANO.v Line: 57
    Warning (13040): bidirectional pin "GPIO_0_D[32]" has no driver File: C:/Users/labuser/Desktop/Lab3_template/Lab3_template/DE0_NANO.v Line: 57
    Warning (13040): bidirectional pin "GPIO_0_D[33]" has no driver File: C:/Users/labuser/Desktop/Lab3_template/Lab3_template/DE0_NANO.v Line: 57
    Warning (13040): bidirectional pin "GPIO_1_D[0]" has no driver File: C:/Users/labuser/Desktop/Lab3_template/Lab3_template/DE0_NANO.v Line: 61
    Warning (13040): bidirectional pin "GPIO_1_D[1]" has no driver File: C:/Users/labuser/Desktop/Lab3_template/Lab3_template/DE0_NANO.v Line: 61
    Warning (13040): bidirectional pin "GPIO_1_D[2]" has no driver File: C:/Users/labuser/Desktop/Lab3_template/Lab3_template/DE0_NANO.v Line: 61
    Warning (13040): bidirectional pin "GPIO_1_D[3]" has no driver File: C:/Users/labuser/Desktop/Lab3_template/Lab3_template/DE0_NANO.v Line: 61
    Warning (13040): bidirectional pin "GPIO_1_D[4]" has no driver File: C:/Users/labuser/Desktop/Lab3_template/Lab3_template/DE0_NANO.v Line: 61
    Warning (13040): bidirectional pin "GPIO_1_D[5]" has no driver File: C:/Users/labuser/Desktop/Lab3_template/Lab3_template/DE0_NANO.v Line: 61
    Warning (13040): bidirectional pin "GPIO_1_D[6]" has no driver File: C:/Users/labuser/Desktop/Lab3_template/Lab3_template/DE0_NANO.v Line: 61
    Warning (13040): bidirectional pin "GPIO_1_D[7]" has no driver File: C:/Users/labuser/Desktop/Lab3_template/Lab3_template/DE0_NANO.v Line: 61
    Warning (13040): bidirectional pin "GPIO_1_D[8]" has no driver File: C:/Users/labuser/Desktop/Lab3_template/Lab3_template/DE0_NANO.v Line: 61
    Warning (13040): bidirectional pin "GPIO_1_D[9]" has no driver File: C:/Users/labuser/Desktop/Lab3_template/Lab3_template/DE0_NANO.v Line: 61
    Warning (13040): bidirectional pin "GPIO_1_D[10]" has no driver File: C:/Users/labuser/Desktop/Lab3_template/Lab3_template/DE0_NANO.v Line: 61
    Warning (13040): bidirectional pin "GPIO_1_D[11]" has no driver File: C:/Users/labuser/Desktop/Lab3_template/Lab3_template/DE0_NANO.v Line: 61
    Warning (13040): bidirectional pin "GPIO_1_D[12]" has no driver File: C:/Users/labuser/Desktop/Lab3_template/Lab3_template/DE0_NANO.v Line: 61
    Warning (13040): bidirectional pin "GPIO_1_D[13]" has no driver File: C:/Users/labuser/Desktop/Lab3_template/Lab3_template/DE0_NANO.v Line: 61
    Warning (13040): bidirectional pin "GPIO_1_D[14]" has no driver File: C:/Users/labuser/Desktop/Lab3_template/Lab3_template/DE0_NANO.v Line: 61
    Warning (13040): bidirectional pin "GPIO_1_D[15]" has no driver File: C:/Users/labuser/Desktop/Lab3_template/Lab3_template/DE0_NANO.v Line: 61
    Warning (13040): bidirectional pin "GPIO_1_D[16]" has no driver File: C:/Users/labuser/Desktop/Lab3_template/Lab3_template/DE0_NANO.v Line: 61
    Warning (13040): bidirectional pin "GPIO_1_D[17]" has no driver File: C:/Users/labuser/Desktop/Lab3_template/Lab3_template/DE0_NANO.v Line: 61
    Warning (13040): bidirectional pin "GPIO_1_D[18]" has no driver File: C:/Users/labuser/Desktop/Lab3_template/Lab3_template/DE0_NANO.v Line: 61
    Warning (13040): bidirectional pin "GPIO_1_D[19]" has no driver File: C:/Users/labuser/Desktop/Lab3_template/Lab3_template/DE0_NANO.v Line: 61
    Warning (13040): bidirectional pin "GPIO_1_D[20]" has no driver File: C:/Users/labuser/Desktop/Lab3_template/Lab3_template/DE0_NANO.v Line: 61
    Warning (13040): bidirectional pin "GPIO_1_D[21]" has no driver File: C:/Users/labuser/Desktop/Lab3_template/Lab3_template/DE0_NANO.v Line: 61
    Warning (13040): bidirectional pin "GPIO_1_D[22]" has no driver File: C:/Users/labuser/Desktop/Lab3_template/Lab3_template/DE0_NANO.v Line: 61
    Warning (13040): bidirectional pin "GPIO_1_D[23]" has no driver File: C:/Users/labuser/Desktop/Lab3_template/Lab3_template/DE0_NANO.v Line: 61
    Warning (13040): bidirectional pin "GPIO_1_D[24]" has no driver File: C:/Users/labuser/Desktop/Lab3_template/Lab3_template/DE0_NANO.v Line: 61
    Warning (13040): bidirectional pin "GPIO_1_D[25]" has no driver File: C:/Users/labuser/Desktop/Lab3_template/Lab3_template/DE0_NANO.v Line: 61
    Warning (13040): bidirectional pin "GPIO_1_D[26]" has no driver File: C:/Users/labuser/Desktop/Lab3_template/Lab3_template/DE0_NANO.v Line: 61
    Warning (13040): bidirectional pin "GPIO_1_D[27]" has no driver File: C:/Users/labuser/Desktop/Lab3_template/Lab3_template/DE0_NANO.v Line: 61
    Warning (13040): bidirectional pin "GPIO_1_D[28]" has no driver File: C:/Users/labuser/Desktop/Lab3_template/Lab3_template/DE0_NANO.v Line: 61
    Warning (13040): bidirectional pin "GPIO_1_D[29]" has no driver File: C:/Users/labuser/Desktop/Lab3_template/Lab3_template/DE0_NANO.v Line: 61
    Warning (13040): bidirectional pin "GPIO_1_D[30]" has no driver File: C:/Users/labuser/Desktop/Lab3_template/Lab3_template/DE0_NANO.v Line: 61
    Warning (13040): bidirectional pin "GPIO_1_D[31]" has no driver File: C:/Users/labuser/Desktop/Lab3_template/Lab3_template/DE0_NANO.v Line: 61
    Warning (13040): bidirectional pin "GPIO_1_D[32]" has no driver File: C:/Users/labuser/Desktop/Lab3_template/Lab3_template/DE0_NANO.v Line: 61
    Warning (13040): bidirectional pin "GPIO_1_D[33]" has no driver File: C:/Users/labuser/Desktop/Lab3_template/Lab3_template/DE0_NANO.v Line: 61
Warning (13009): TRI or OPNDRN buffers permanently enabled
    Warning (13010): Node "GPIO_0_D[5]~synth" File: C:/Users/labuser/Desktop/Lab3_template/Lab3_template/DE0_NANO.v Line: 57
    Warning (13010): Node "GPIO_0_D[7]~synth" File: C:/Users/labuser/Desktop/Lab3_template/Lab3_template/DE0_NANO.v Line: 57
    Warning (13010): Node "GPIO_0_D[9]~synth" File: C:/Users/labuser/Desktop/Lab3_template/Lab3_template/DE0_NANO.v Line: 57
    Warning (13010): Node "GPIO_0_D[11]~synth" File: C:/Users/labuser/Desktop/Lab3_template/Lab3_template/DE0_NANO.v Line: 57
    Warning (13010): Node "GPIO_0_D[13]~synth" File: C:/Users/labuser/Desktop/Lab3_template/Lab3_template/DE0_NANO.v Line: 57
    Warning (13010): Node "GPIO_0_D[15]~synth" File: C:/Users/labuser/Desktop/Lab3_template/Lab3_template/DE0_NANO.v Line: 57
    Warning (13010): Node "GPIO_0_D[17]~synth" File: C:/Users/labuser/Desktop/Lab3_template/Lab3_template/DE0_NANO.v Line: 57
    Warning (13010): Node "GPIO_0_D[19]~synth" File: C:/Users/labuser/Desktop/Lab3_template/Lab3_template/DE0_NANO.v Line: 57
    Warning (13010): Node "GPIO_0_D[21]~synth" File: C:/Users/labuser/Desktop/Lab3_template/Lab3_template/DE0_NANO.v Line: 57
    Warning (13010): Node "GPIO_0_D[23]~synth" File: C:/Users/labuser/Desktop/Lab3_template/Lab3_template/DE0_NANO.v Line: 57
Warning (13024): Output pins are stuck at VCC or GND
    Warning (13410): Pin "LED[1]" is stuck at GND File: C:/Users/labuser/Desktop/Lab3_template/Lab3_template/DE0_NANO.v Line: 48
    Warning (13410): Pin "LED[2]" is stuck at GND File: C:/Users/labuser/Desktop/Lab3_template/Lab3_template/DE0_NANO.v Line: 48
    Warning (13410): Pin "LED[3]" is stuck at GND File: C:/Users/labuser/Desktop/Lab3_template/Lab3_template/DE0_NANO.v Line: 48
    Warning (13410): Pin "LED[4]" is stuck at GND File: C:/Users/labuser/Desktop/Lab3_template/Lab3_template/DE0_NANO.v Line: 48
    Warning (13410): Pin "LED[5]" is stuck at GND File: C:/Users/labuser/Desktop/Lab3_template/Lab3_template/DE0_NANO.v Line: 48
    Warning (13410): Pin "LED[6]" is stuck at GND File: C:/Users/labuser/Desktop/Lab3_template/Lab3_template/DE0_NANO.v Line: 48
    Warning (13410): Pin "LED[7]" is stuck at GND File: C:/Users/labuser/Desktop/Lab3_template/Lab3_template/DE0_NANO.v Line: 48
Info (286030): Timing-Driven Synthesis is running
Info (16010): Generating hard_block partition "hard_block:auto_generated_inst"
    Info (16011): Adding 0 node(s), including 0 DDIO, 0 PLL, 0 transceiver and 0 LCELL
Warning (21074): Design contains 9 input pin(s) that do not drive logic
    Warning (15610): No output dependent on input pin "KEY[1]" File: C:/Users/labuser/Desktop/Lab3_template/Lab3_template/DE0_NANO.v Line: 51
    Warning (15610): No output dependent on input pin "SW[0]" File: C:/Users/labuser/Desktop/Lab3_template/Lab3_template/DE0_NANO.v Line: 54
    Warning (15610): No output dependent on input pin "SW[1]" File: C:/Users/labuser/Desktop/Lab3_template/Lab3_template/DE0_NANO.v Line: 54
    Warning (15610): No output dependent on input pin "SW[2]" File: C:/Users/labuser/Desktop/Lab3_template/Lab3_template/DE0_NANO.v Line: 54
    Warning (15610): No output dependent on input pin "SW[3]" File: C:/Users/labuser/Desktop/Lab3_template/Lab3_template/DE0_NANO.v Line: 54
    Warning (15610): No output dependent on input pin "GPIO_0_IN[0]" File: C:/Users/labuser/Desktop/Lab3_template/Lab3_template/DE0_NANO.v Line: 58
    Warning (15610): No output dependent on input pin "GPIO_0_IN[1]" File: C:/Users/labuser/Desktop/Lab3_template/Lab3_template/DE0_NANO.v Line: 58
    Warning (15610): No output dependent on input pin "GPIO_1_IN[0]" File: C:/Users/labuser/Desktop/Lab3_template/Lab3_template/DE0_NANO.v Line: 62
    Warning (15610): No output dependent on input pin "GPIO_1_IN[1]" File: C:/Users/labuser/Desktop/Lab3_template/Lab3_template/DE0_NANO.v Line: 62
Info (21057): Implemented 380 device resources after synthesis - the final resource count might be different
    Info (21058): Implemented 11 input pins
    Info (21059): Implemented 8 output pins
    Info (21060): Implemented 68 bidirectional pins
    Info (21061): Implemented 293 logic cells
Info: Quartus Prime Analysis & Synthesis was successful. 0 errors, 110 warnings
    Info: Peak virtual memory: 657 megabytes
    Info: Processing ended: Tue Nov 21 21:29:21 2017
    Info: Elapsed time: 00:00:09
    Info: Total CPU time (on all processors): 00:00:20


